# JRE version: OpenJDK Runtime Environment Temurin-21.0.3+9 (21.0.3+9) (build 21.0.3+9-LTS)
# Java VM: OpenJDK 64-Bit Server VM Temurin-21.0.3+9 (21.0.3+9-LTS, mixed mode, tiered, compressed oops, compressed class ptrs, g1 gc, windows-amd64)
GC Precious Log:
 CardTable entry size: 512
 Card Set container configuration: InlinePtr #cards 4 size 8 Array Of Cards #cards 16 size 48 Howl #buckets 8 coarsen threshold 3686 Howl Bitmap #cards 512 size 80 coarsen threshold 460 Card regions per heap region 1 cards per card region 4096
 CPUs: 20 total, 20 available
 Memory: 15986M
 Large Page Support: Disabled
 NUMA Support: Disabled
 Compressed Oops: Enabled (Zero based)
 Heap Region Size: 2M
 Heap Min Capacity: 8M
 Heap Initial Capacity: 250M
 Heap Max Capacity: 3998M
 Pre-touch: Disabled
 Parallel Workers: 15
 Concurrent Workers: 4
 Concurrent Refinement Workers: 15
 Periodic GC: Disabled
Heap:
 garbage-first heap   total 253952K, used 198615K [0x0000000706200000, 0x0000000800000000)
  region size 2048K, 38 young (77824K), 3 survivors (6144K)
 Metaspace       used 91279K, committed 92352K, reserved 1179648K
  class space    used 10068K, committed 10560K, reserved 1048576K
GC Heap History (20 events):
Event: 14.919 GC heap before
{Heap before GC invocations=27 (full 0):
 garbage-first heap   total 206848K, used 184305K [0x0000000706200000, 0x0000000800000000)
  region size 2048K, 47 young (96256K), 5 survivors (10240K)
 Metaspace       used 72487K, committed 73536K, reserved 1114112K
  class space    used 8043K, committed 8512K, reserved 1048576K
}
Event: 14.921 GC heap after
{Heap after GC invocations=28 (full 0):
 garbage-first heap   total 206848K, used 96921K [0x0000000706200000, 0x0000000800000000)
  region size 2048K, 2 young (4096K), 2 survivors (4096K)
 Metaspace       used 72487K, committed 73536K, reserved 1114112K
  class space    used 8043K, committed 8512K, reserved 1048576K
}
Event: 15.190 GC heap before
{Heap before GC invocations=28 (full 0):
 garbage-first heap   total 206848K, used 189081K [0x0000000706200000, 0x0000000800000000)
  region size 2048K, 47 young (96256K), 2 survivors (4096K)
 Metaspace       used 72518K, committed 73536K, reserved 1114112K
  class space    used 8043K, committed 8512K, reserved 1048576K
}
Event: 15.193 GC heap after
{Heap after GC invocations=29 (full 0):
 garbage-first heap   total 206848K, used 98258K [0x0000000706200000, 0x0000000800000000)
  region size 2048K, 3 young (6144K), 3 survivors (6144K)
 Metaspace       used 72518K, committed 73536K, reserved 1114112K
  class space    used 8043K, committed 8512K, reserved 1048576K
}
Event: 16.166 GC heap before
{Heap before GC invocations=29 (full 0):
 garbage-first heap   total 206848K, used 184274K [0x0000000706200000, 0x0000000800000000)
  region size 2048K, 46 young (94208K), 3 survivors (6144K)
 Metaspace       used 76495K, committed 77504K, reserved 1179648K
  class space    used 8490K, committed 8960K, reserved 1048576K
}
Event: 16.169 GC heap after
{Heap after GC invocations=30 (full 0):
 garbage-first heap   total 206848K, used 100405K [0x0000000706200000, 0x0000000800000000)
  region size 2048K, 4 young (8192K), 4 survivors (8192K)
 Metaspace       used 76495K, committed 77504K, reserved 1179648K
  class space    used 8490K, committed 8960K, reserved 1048576K
}
Event: 17.110 GC heap before
{Heap before GC invocations=31 (full 0):
 garbage-first heap   total 206848K, used 192565K [0x0000000706200000, 0x0000000800000000)
  region size 2048K, 45 young (92160K), 4 survivors (8192K)
 Metaspace       used 83617K, committed 84608K, reserved 1179648K
  class space    used 9261K, committed 9728K, reserved 1048576K
}
Event: 17.115 GC heap after
{Heap after GC invocations=32 (full 0):
 garbage-first heap   total 210944K, used 116157K [0x0000000706200000, 0x0000000800000000)
  region size 2048K, 6 young (12288K), 6 survivors (12288K)
 Metaspace       used 83617K, committed 84608K, reserved 1179648K
  class space    used 9261K, committed 9728K, reserved 1048576K
}
Event: 17.618 GC heap before
{Heap before GC invocations=32 (full 0):
 garbage-first heap   total 210944K, used 183741K [0x0000000706200000, 0x0000000800000000)
  region size 2048K, 39 young (79872K), 6 survivors (12288K)
 Metaspace       used 85802K, committed 86784K, reserved 1179648K
  class space    used 9473K, committed 9920K, reserved 1048576K
}
Event: 17.626 GC heap after
{Heap after GC invocations=33 (full 0):
 garbage-first heap   total 210944K, used 118651K [0x0000000706200000, 0x0000000800000000)
  region size 2048K, 2 young (4096K), 2 survivors (4096K)
 Metaspace       used 85802K, committed 86784K, reserved 1179648K
  class space    used 9473K, committed 9920K, reserved 1048576K
}
Event: 18.031 GC heap before
{Heap before GC invocations=33 (full 0):
 garbage-first heap   total 210944K, used 194427K [0x0000000706200000, 0x0000000800000000)
  region size 2048K, 39 young (79872K), 2 survivors (4096K)
 Metaspace       used 89654K, committed 90752K, reserved 1179648K
  class space    used 9871K, committed 10368K, reserved 1048576K
}
Event: 18.034 GC heap after
{Heap after GC invocations=34 (full 0):
 garbage-first heap   total 253952K, used 121584K [0x0000000706200000, 0x0000000800000000)
  region size 2048K, 4 young (8192K), 4 survivors (8192K)
 Metaspace       used 89654K, committed 90752K, reserved 1179648K
  class space    used 9871K, committed 10368K, reserved 1048576K
}
Event: 19.436 GC heap before
{Heap before GC invocations=35 (full 0):
 garbage-first heap   total 253952K, used 223984K [0x0000000706200000, 0x0000000800000000)
  region size 2048K, 57 young (116736K), 4 survivors (8192K)
 Metaspace       used 91214K, committed 92288K, reserved 1179648K
  class space    used 10068K, committed 10560K, reserved 1048576K
}
Event: 19.442 GC heap after
{Heap after GC invocations=36 (full 0):
 garbage-first heap   total 253952K, used 118165K [0x0000000706200000, 0x0000000800000000)
  region size 2048K, 4 young (8192K), 4 survivors (8192K)
 Metaspace       used 91214K, committed 92288K, reserved 1179648K
  class space    used 10068K, committed 10560K, reserved 1048576K
}
Event: 20.255 GC heap before
{Heap before GC invocations=36 (full 0):
 garbage-first heap   total 253952K, used 230805K [0x0000000706200000, 0x0000000800000000)
  region size 2048K, 59 young (120832K), 4 survivors (8192K)
 Metaspace       used 91261K, committed 92288K, reserved 1179648K
  class space    used 10068K, committed 10560K, reserved 1048576K
}
Event: 20.264 GC heap after
{Heap after GC invocations=37 (full 0):
 garbage-first heap   total 253952K, used 125717K [0x0000000706200000, 0x0000000800000000)
  region size 2048K, 8 young (16384K), 8 survivors (16384K)
 Metaspace       used 91261K, committed 92288K, reserved 1179648K
  class space    used 10068K, committed 10560K, reserved 1048576K
}
Event: 21.277 GC heap before
{Heap before GC invocations=37 (full 0):
 garbage-first heap   total 253952K, used 221973K [0x0000000706200000, 0x0000000800000000)
  region size 2048K, 55 young (112640K), 8 survivors (16384K)
 Metaspace       used 91264K, committed 92352K, reserved 1179648K
  class space    used 10068K, committed 10560K, reserved 1048576K
}
Event: 21.285 GC heap after
{Heap after GC invocations=38 (full 0):
 garbage-first heap   total 253952K, used 128126K [0x0000000706200000, 0x0000000800000000)
  region size 2048K, 2 young (4096K), 2 survivors (4096K)
 Metaspace       used 91264K, committed 92352K, reserved 1179648K
  class space    used 10068K, committed 10560K, reserved 1048576K
}
Event: 22.942 GC heap before
{Heap before GC invocations=39 (full 0):
 garbage-first heap   total 253952K, used 234622K [0x0000000706200000, 0x0000000800000000)
  region size 2048K, 54 young (110592K), 2 survivors (4096K)
 Metaspace       used 91267K, committed 92352K, reserved 1179648K
  class space    used 10068K, committed 10560K, reserved 1048576K
}
Event: 22.947 GC heap after
{Heap after GC invocations=40 (full 0):
 garbage-first heap   total 253952K, used 128983K [0x0000000706200000, 0x0000000800000000)
  region size 2048K, 3 young (6144K), 3 survivors (6144K)
 Metaspace       used 91267K, committed 92352K, reserved 1179648K
  class space    used 10068K, committed 10560K, reserved 1048576K
}

